<?xml version="1.0" encoding="UTF-8"?>
<testng-results ignored="0" total="1" passed="1" failed="0" skipped="0">
  <reporter-output>
  </reporter-output>
  <suite started-at="2023-08-24T14:00:46 IST" name="Suite" finished-at="2023-08-24T14:00:58 IST" duration-ms="11763">
    <groups>
    </groups>
    <test started-at="2023-08-24T14:00:46 IST" name="Test" finished-at="2023-08-24T14:00:58 IST" duration-ms="11763">
      <class name="listenersss.Iexecu">
        <test-method signature="Iex()[pri:0, instance:listenersss.Iexecu@408d971b]" started-at="2023-08-24T14:00:46 IST" name="Iex" finished-at="2023-08-24T14:00:58 IST" duration-ms="11667" status="PASS">
          <reporter-output>
          </reporter-output>
        </test-method> <!-- Iex -->
      </class> <!-- listenersss.Iexecu -->
    </test> <!-- Test -->
  </suite> <!-- Suite -->
</testng-results>
